<?xml version="1.0" encoding="UTF-8"?>
<testng-results ignored="0" total="2" passed="2" failed="0" skipped="0">
  <reporter-output>
  </reporter-output>
  <suite started-at="2023-06-25T22:23:15 IST" name="Default suite" finished-at="2023-06-25T22:23:32 IST" duration-ms="16473">
    <groups>
    </groups>
    <test started-at="2023-06-25T22:23:15 IST" name="Default test" finished-at="2023-06-25T22:23:32 IST" duration-ms="16473">
      <class name="com.test.googleTest">
        <test-method is-config="true" signature="setUp()[pri:0, instance:com.test.googleTest@15d49048]" started-at="2023-06-25T22:23:15 IST" name="setUp" finished-at="2023-06-25T22:23:18 IST" duration-ms="2857" status="PASS">
          <reporter-output>
          </reporter-output>
        </test-method> <!-- setUp -->
        <test-method signature="amazonTest()[pri:0, instance:com.test.googleTest@15d49048]" started-at="2023-06-25T22:23:18 IST" name="amazonTest" finished-at="2023-06-25T22:23:23 IST" duration-ms="5300" status="PASS">
          <reporter-output>
          </reporter-output>
        </test-method> <!-- amazonTest -->
        <test-method is-config="true" signature="closeBrowser()[pri:0, instance:com.test.googleTest@15d49048]" started-at="2023-06-25T22:23:23 IST" name="closeBrowser" finished-at="2023-06-25T22:23:24 IST" duration-ms="320" status="PASS">
          <reporter-output>
          </reporter-output>
        </test-method> <!-- closeBrowser -->
        <test-method is-config="true" signature="setUp()[pri:0, instance:com.test.googleTest@15d49048]" started-at="2023-06-25T22:23:24 IST" name="setUp" finished-at="2023-06-25T22:23:25 IST" duration-ms="1154" status="PASS">
          <reporter-output>
          </reporter-output>
        </test-method> <!-- setUp -->
        <test-method signature="googleOpen()[pri:0, instance:com.test.googleTest@15d49048]" started-at="2023-06-25T22:23:25 IST" name="googleOpen" finished-at="2023-06-25T22:23:31 IST" duration-ms="6509" status="PASS">
          <reporter-output>
          </reporter-output>
        </test-method> <!-- googleOpen -->
        <test-method is-config="true" signature="closeBrowser()[pri:0, instance:com.test.googleTest@15d49048]" started-at="2023-06-25T22:23:31 IST" name="closeBrowser" finished-at="2023-06-25T22:23:32 IST" duration-ms="243" status="PASS">
          <reporter-output>
          </reporter-output>
        </test-method> <!-- closeBrowser -->
      </class> <!-- com.test.googleTest -->
    </test> <!-- Default test -->
  </suite> <!-- Default suite -->
</testng-results>
